03-18-2017 14:05 : DTC Install error = 0, Enter MsDtcAdvancedInstaller::Configure, base\wcp\plugins\msdtc\msdtcadvancedinstaller\msdtcadvancedinstaller.cpp (419)
03-18-2017 14:05 : DTC Install error = 0, Action: None, base\wcp\plugins\msdtc\msdtcadvancedinstaller\msdtcadvancedinstaller.cpp (448)
03-18-2017 14:05 : DTC Install error = 0, Entering CreateXATmSecurityKeyCNG, base\wcp\plugins\msdtc\msdtcadvancedinstaller\msdtcadvancedinstaller.cpp (1752)
03-18-2017 14:05 : DTC Install error = 0, Exiting CreateXATmSecurityKeyCNG, base\wcp\plugins\msdtc\msdtcadvancedinstaller\msdtcadvancedinstaller.cpp (1928)
03-18-2017 14:05 : DTC Install error = 0, Exit MsDtcAdvancedInstaller::Configure, base\wcp\plugins\msdtc\msdtcadvancedinstaller\msdtcadvancedinstaller.cpp (506)
10-04-2017 15:52 : DTC Install error = 0, SysPrepDtcSpecialize : Enter, com\complus\dtc\dtc\adme\deployment.cpp (2088) 
10-04-2017 15:52 : DTC Install error = 0, SysPrepDtcGeneralize : Enter, com\complus\dtc\dtc\adme\deployment.cpp (1999) 
10-04-2017 15:52 : DTC Install error = 0, SysPrepDtcCleanup : Enter, com\complus\dtc\dtc\adme\deployment.cpp (1928) 
10-04-2017 15:52 : DTC Install error = 0, SysPrepDtcCleanup : Exit, com\complus\dtc\dtc\adme\deployment.cpp (1993) 
10-04-2017 15:52 : DTC Install error = 0, InstallContacts, Enter, com\complus\dtc\dtc\adme\deployment.cpp (310) 
10-04-2017 15:52 : DTC Install error = 0, InstallContacts, Exit, com\complus\dtc\dtc\adme\deployment.cpp (389) 
10-04-2017 15:52 : DTC Install error = 0, SysPrepDtcGeneralize : Exit, com\complus\dtc\dtc\adme\deployment.cpp (2071) 
10-04-2017 15:52 : DTC Install error = 0, InstallContacts, Enter, com\complus\dtc\dtc\adme\deployment.cpp (310) 
10-04-2017 15:52 : DTC Install error = 0, InstallContacts, Exit, com\complus\dtc\dtc\adme\deployment.cpp (389) 
10-04-2017 15:52 : DTC Install error = 0, SysPrepDtcSpecialize : Exit, com\complus\dtc\dtc\adme\deployment.cpp (2132) 
10-04-2017 15:52 : DTC Install error = 0, CMsdtcUpgradePlugin::get_PerUserSupport: Enter, com\complus\dtc\dtc\msdtcstp\msdtcplugin.cpp (56) 
10-04-2017 15:52 : DTC Install error = 0, CMsdtcUpgradePlugin::get_PerUserSupport: Exit, com\complus\dtc\dtc\msdtcstp\msdtcplugin.cpp (66) 
10-04-2017 15:52 : DTC Install error = 0, CMsdtcUpgradePlugin::get_PerUserSupport: Enter, com\complus\dtc\dtc\msdtcstp\msdtcplugin.cpp (56) 
10-04-2017 15:52 : DTC Install error = 0, CMsdtcUpgradePlugin::get_PerUserSupport: Exit, com\complus\dtc\dtc\msdtcstp\msdtcplugin.cpp (66) 
10-04-2017 15:52 : DTC Install error = 0, CMsdtcUpgradePlugin::get_PerUserSupport: Enter, com\complus\dtc\dtc\msdtcstp\msdtcplugin.cpp (56) 
10-04-2017 15:52 : DTC Install error = 0, CMsdtcUpgradePlugin::get_PerUserSupport: Exit, com\complus\dtc\dtc\msdtcstp\msdtcplugin.cpp (66) 
10-04-2017 15:53 : DTC Install error = 0, CMsdtcUpgradePlugin::PreApply: Enter, com\complus\dtc\dtc\msdtcstp\msdtcplugin.cpp (174) 
10-04-2017 15:53 : DTC Install error = 0, CMsdtcUpgradePlugin::PreApply: Exit, com\complus\dtc\dtc\msdtcstp\msdtcplugin.cpp (175) 
10-04-2017 15:55 : DTC Install error = 0, CMsdtcUpgradePlugin::ApplySuccess: Enter, com\complus\dtc\dtc\msdtcstp\msdtcplugin.cpp (182) 
10-04-2017 15:55 : DTC Install error = 0, C:\$WINDOWS.~BT\Work\MachineSpecific\Working\srcworking\agentmgr\CCSIAgent\005AEAD9, com\complus\dtc\dtc\msdtcstp\msdtcplugin.cpp (214) 
10-04-2017 15:55 : DTC Install error = 0, UpgradeApplySuccess: Enter, com\complus\dtc\dtc\msdtcprx\src\proxyplugin.cpp (212) 
10-04-2017 15:55 : DTC Install error = 0, UpgradeApplySuccess, DownlevelVersion = 6, com\complus\dtc\dtc\msdtcprx\src\proxyplugin.cpp (204) 
10-04-2017 15:55 : DTC Install error = 0, UpgradeApplySuccess: Exit, com\complus\dtc\dtc\msdtcprx\src\proxyplugin.cpp (300) 
10-04-2017 15:55 : DTC Install error = 0, CMsdtcUpgradePlugin::ApplySuccess: Exit, com\complus\dtc\dtc\msdtcstp\msdtcplugin.cpp (280) 
10-04-2017 15:55 : DTC Install error = 0, CMsdtcUpgradePlugin::PostApply: Enter, com\complus\dtc\dtc\msdtcstp\msdtcplugin.cpp (287) 
10-04-2017 15:55 : DTC Install error = 0, CMsdtcUpgradePlugin::PostApply: Exit, com\complus\dtc\dtc\msdtcstp\msdtcplugin.cpp (288) 
